<?xml version="1.0" encoding="UTF-8"?>
<testng-results skipped="0" failed="0" ignored="0" total="1" passed="1">
  <reporter-output>
  </reporter-output>
  <suite name="Default Suite" duration-ms="32206" started-at="2020-04-01T14:23:03 CST" finished-at="2020-04-01T14:23:35 CST">
    <groups>
    </groups>
    <test name="selenium_maven" duration-ms="32206" started-at="2020-04-01T14:23:03 CST" finished-at="2020-04-01T14:23:35 CST">
      <class name="testcase.test">
        <test-method status="PASS" signature="case_one()[pri:0, instance:testcase.test@2a2d45ba]" name="case_one" duration-ms="32167" started-at="2020-04-01T14:23:03 CST" finished-at="2020-04-01T14:23:35 CST">
          <reporter-output>
          </reporter-output>
        </test-method> <!-- case_one -->
      </class> <!-- testcase.test -->
    </test> <!-- selenium_maven -->
  </suite> <!-- Default Suite -->
</testng-results>
